TN:
SF:C:\Users\Eric Ibu\desktop\automart.github.io-gh-pages\server/app.js
FN:20,(anonymous_1)
FNF:1
FNH:1
FNDA:1,(anonymous_1)
DA:1,1
DA:2,1
DA:3,1
DA:4,1
DA:5,1
DA:6,1
DA:8,1
DA:10,1
DA:11,1
DA:13,1
DA:14,1
DA:15,1
DA:16,1
DA:20,1
DA:23,1
LF:15
LH:15
BRDA:11,0,0,1
BRDA:11,0,1,1
BRF:2
BRH:2
end_of_record
TN:
SF:C:\Users\Eric Ibu\desktop\automart.github.io-gh-pages\server\controllers/car.js
FN:14,(anonymous_11)
FN:20,invalidData
FN:20,(anonymous_15)
FN:42,(anonymous_16)
FN:45,(anonymous_17)
FN:46,(anonymous_18)
FN:58,(anonymous_19)
FN:59,(anonymous_20)
FNF:8
FNH:5
FNDA:31,(anonymous_11)
FNDA:2,invalidData
FNDA:2,(anonymous_15)
FNDA:1,(anonymous_16)
FNDA:0,(anonymous_17)
FNDA:0,(anonymous_18)
FNDA:0,(anonymous_19)
FNDA:1,(anonymous_20)
DA:1,1
DA:2,1
DA:3,1
DA:4,1
DA:6,1
DA:8,1
DA:14,40
DA:18,2
DA:20,2
DA:30,1
DA:31,1
DA:32,1
DA:33,1
DA:34,1
DA:35,1
DA:36,1
DA:37,1
DA:38,1
DA:42,1
DA:43,1
DA:44,1
DA:45,0
DA:46,0
DA:47,0
DA:48,0
DA:49,0
DA:50,0
DA:51,0
DA:52,0
DA:58,0
DA:59,1
DA:61,1
DA:76,1
DA:100,2
DA:101,2
DA:102,1
DA:107,1
DA:117,2
DA:118,2
DA:119,1
DA:124,1
DA:133,7
DA:136,7
DA:138,2
DA:139,2
DA:141,0
DA:142,0
DA:144,0
DA:145,0
DA:147,2
DA:148,2
DA:150,0
DA:151,0
DA:153,0
DA:154,0
DA:156,3
DA:157,3
DA:159,7
DA:160,3
DA:165,4
DA:172,0
DA:173,0
DA:175,0
DA:176,0
DA:182,0
DA:183,0
DA:189,0
DA:190,0
DA:192,0
DA:193,0
DA:198,0
DA:207,4
DA:209,4
DA:214,4
DA:215,4
DA:216,1
DA:221,3
DA:228,6
DA:229,6
DA:230,2
DA:235,4
DA:237,4
DA:238,2
DA:243,2
DA:263,0
DA:264,0
DA:265,0
DA:266,0
DA:267,0
DA:272,0
DA:273,0
DA:274,0
DA:279,0
DA:287,1
LF:94
LH:57
BRDA:14,0,0,2
BRDA:14,0,1,1
BRDA:14,0,2,1
BRDA:14,0,3,1
BRDA:14,0,4,1
BRDA:14,0,5,0
BRDA:14,0,6,0
BRDA:14,0,7,2
BRDA:20,1,0,2
BRDA:20,1,1,0
BRDA:14,2,0,3
BRDA:14,2,1,1
BRDA:22,3,0,2
BRDA:22,3,1,2
BRDA:44,4,0,0
BRDA:44,4,1,0
BRDA:47,5,0,0
BRDA:47,5,1,0
BRDA:48,6,0,0
BRDA:48,6,1,0
BRDA:50,7,0,0
BRDA:50,7,1,0
BRDA:62,8,0,1
BRDA:62,8,1,1
BRDA:95,9,0,0
BRDA:95,9,1,0
BRDA:101,10,0,1
BRDA:101,10,1,1
BRDA:118,11,0,1
BRDA:118,11,1,1
BRDA:137,12,0,2
BRDA:137,12,1,0
BRDA:137,12,2,0
BRDA:137,12,3,2
BRDA:137,12,4,0
BRDA:137,12,5,0
BRDA:137,12,6,3
BRDA:159,13,0,3
BRDA:159,13,1,4
BRDA:175,14,0,0
BRDA:175,14,1,0
BRDA:182,15,0,0
BRDA:182,15,1,0
BRDA:192,16,0,0
BRDA:192,16,1,0
BRDA:192,17,0,0
BRDA:192,17,1,0
BRDA:207,18,0,3
BRDA:207,18,1,1
BRDA:209,19,0,3
BRDA:209,19,1,1
BRDA:215,20,0,1
BRDA:215,20,1,3
BRDA:229,21,0,2
BRDA:229,21,1,4
BRDA:237,22,0,2
BRDA:237,22,1,2
BRDA:264,23,0,0
BRDA:264,23,1,0
BRDA:266,24,0,0
BRDA:266,24,1,0
BRDA:273,25,0,0
BRDA:273,25,1,0
BRF:63
BRH:32
end_of_record
TN:
SF:C:\Users\Eric Ibu\desktop\automart.github.io-gh-pages\server\controllers/flag.js
FN:8,createFlag
FN:53,updateFlagStatus
FN:74,getAllFlags
FN:86,deleteFlag
FNF:4
FNH:2
FNDA:1,createFlag
FNDA:0,updateFlagStatus
FNDA:1,getAllFlags
FNDA:0,deleteFlag
DA:1,1
DA:2,1
DA:3,1
DA:4,1
DA:5,1
DA:9,1
DA:10,1
DA:11,1
DA:13,1
DA:14,0
DA:20,1
DA:21,0
DA:27,1
DA:28,1
DA:29,1
DA:30,1
DA:34,1
DA:36,1
DA:48,0
DA:54,0
DA:55,0
DA:56,0
DA:61,0
DA:62,0
DA:67,0
DA:68,0
DA:75,1
DA:76,1
DA:77,0
DA:81,1
DA:87,0
DA:88,0
DA:89,0
DA:94,0
DA:101,1
LF:35
LH:20
BRDA:13,0,0,0
BRDA:13,0,1,1
BRDA:20,1,0,0
BRDA:20,1,1,1
BRDA:20,2,0,1
BRDA:20,2,1,1
BRDA:20,2,2,1
BRDA:48,3,0,0
BRDA:48,3,1,0
BRDA:55,4,0,0
BRDA:55,4,1,0
BRDA:61,5,0,0
BRDA:61,5,1,0
BRDA:76,6,0,0
BRDA:76,6,1,1
BRDA:88,7,0,0
BRDA:88,7,1,0
BRF:17
BRH:6
end_of_record
TN:
SF:C:\Users\Eric Ibu\desktop\automart.github.io-gh-pages\server\controllers/order.js
FN:8,createOrder
FN:44,updatePrice
FN:66,getAllOrders
FN:74,getAnOrder
FN:88,deleteAnOrder
FNF:5
FNH:0
FNDA:0,createOrder
FNDA:0,updatePrice
FNDA:0,getAllOrders
FNDA:0,getAnOrder
FNDA:0,deleteAnOrder
DA:1,1
DA:2,1
DA:3,1
DA:4,1
DA:5,1
DA:9,0
DA:10,0
DA:11,0
DA:14,0
DA:15,0
DA:16,0
DA:18,0
DA:26,0
DA:40,0
DA:45,0
DA:47,0
DA:48,0
DA:49,0
DA:52,0
DA:54,0
DA:55,0
DA:58,0
DA:59,0
DA:62,0
DA:63,0
DA:67,0
DA:68,0
DA:69,0
DA:71,0
DA:75,0
DA:76,0
DA:77,0
DA:79,0
DA:80,0
DA:82,0
DA:85,0
DA:89,0
DA:90,0
DA:91,0
DA:93,0
DA:96,0
DA:97,0
DA:98,0
DA:101,0
DA:102,0
DA:105,0
DA:107,0
DA:111,1
LF:48
LH:6
BRDA:40,0,0,0
BRDA:40,0,1,0
BRDA:48,1,0,0
BRDA:48,1,1,0
BRDA:48,2,0,0
BRDA:48,2,1,0
BRDA:54,3,0,0
BRDA:54,3,1,0
BRDA:58,4,0,0
BRDA:58,4,1,0
BRDA:68,5,0,0
BRDA:68,5,1,0
BRDA:76,6,0,0
BRDA:76,6,1,0
BRDA:80,7,0,0
BRDA:80,7,1,0
BRDA:80,8,0,0
BRDA:80,8,1,0
BRDA:80,8,2,0
BRDA:90,9,0,0
BRDA:90,9,1,0
BRDA:97,10,0,0
BRDA:97,10,1,0
BRDA:97,11,0,0
BRDA:97,11,1,0
BRDA:101,12,0,0
BRDA:101,12,1,0
BRDA:101,13,0,0
BRDA:101,13,1,0
BRF:29
BRH:0
end_of_record
TN:
SF:C:\Users\Eric Ibu\desktop\automart.github.io-gh-pages\server\controllers/user.js
FN:10,createUser
FN:17,invalidData
FN:17,(anonymous_14)
FN:127,getAll
FN:135,changePassword
FN:171,logout
FNF:6
FNH:0
FNDA:0,createUser
FNDA:0,invalidData
FNDA:0,(anonymous_14)
FNDA:0,getAll
FNDA:0,changePassword
FNDA:0,logout
DA:1,1
DA:2,1
DA:3,1
DA:4,1
DA:5,1
DA:7,1
DA:10,0
DA:11,0
DA:13,0
DA:15,0
DA:17,0
DA:19,0
DA:20,0
DA:26,0
DA:28,0
DA:34,0
DA:35,0
DA:36,0
DA:37,0
DA:40,0
DA:41,0
DA:46,0
DA:47,0
DA:49,0
DA:57,0
DA:58,0
DA:61,0
DA:64,0
DA:79,0
DA:128,0
DA:129,0
DA:136,0
DA:137,0
DA:138,0
DA:143,0
DA:144,0
DA:145,0
DA:150,0
DA:151,0
DA:152,0
DA:153,0
DA:158,0
DA:159,0
DA:161,0
DA:166,0
DA:172,0
DA:179,1
LF:47
LH:7
BRDA:17,0,0,0
BRDA:17,0,1,0
BRDA:19,1,0,0
BRDA:19,1,1,0
BRDA:26,2,0,0
BRDA:26,2,1,0
BRDA:26,3,0,0
BRDA:26,3,1,0
BRDA:26,3,2,0
BRDA:26,3,3,0
BRDA:40,4,0,0
BRDA:40,4,1,0
BRDA:57,5,0,0
BRDA:57,5,1,0
BRDA:79,6,0,0
BRDA:79,6,1,0
BRDA:123,7,0,0
BRDA:123,7,1,0
BRDA:137,8,0,0
BRDA:137,8,1,0
BRDA:137,9,0,0
BRDA:137,9,1,0
BRDA:144,10,0,0
BRDA:144,10,1,0
BRDA:152,11,0,0
BRDA:152,11,1,0
BRDA:166,12,0,0
BRDA:166,12,1,0
BRF:28
BRH:0
end_of_record
TN:
SF:C:\Users\Eric Ibu\desktop\automart.github.io-gh-pages\server\helpers/ErrorClass.js
FN:2,APIError
FNF:1
FNH:0
FNDA:0,APIError
DA:2,0
DA:3,0
DA:4,0
DA:5,0
DA:6,0
DA:7,0
DA:10,1
LF:7
LH:1
BRF:0
BRH:0
end_of_record
TN:
SF:C:\Users\Eric Ibu\desktop\automart.github.io-gh-pages\server\helpers/SuccessClass.js
FN:2,APISuccess
FNF:1
FNH:0
FNDA:0,APISuccess
DA:2,1
DA:3,0
DA:4,0
DA:5,0
DA:7,0
DA:14,1
LF:6
LH:2
BRF:0
BRH:0
end_of_record
TN:
SF:C:\Users\Eric Ibu\desktop\automart.github.io-gh-pages\server\middlewares/auth.js
FN:6,_default
FNF:1
FNH:1
FNDA:14,_default
DA:1,1
DA:2,1
DA:4,1
DA:6,1
DA:7,14
DA:9,14
DA:10,4
DA:15,10
DA:17,10
DA:18,10
DA:19,9
DA:20,9
DA:22,1
LF:13
LH:13
BRDA:9,0,0,4
BRDA:9,0,1,10
BRF:2
BRH:2
end_of_record
TN:
SF:C:\Users\Eric Ibu\desktop\automart.github.io-gh-pages\server\middlewares/index.js
FNF:0
FNH:0
DA:1,1
DA:2,1
DA:3,1
DA:4,1
DA:5,1
DA:6,1
DA:7,1
DA:8,1
DA:11,1
LF:9
LH:9
BRF:0
BRH:0
end_of_record
TN:
SF:C:\Users\Eric Ibu\desktop\automart.github.io-gh-pages\server\middlewares/validateCar.js
FN:1,_default
FN:49,(anonymous_1)
FN:56,(anonymous_2)
FNF:3
FNH:3
FNDA:2,_default
FNDA:13,(anonymous_1)
FNDA:7,(anonymous_2)
DA:1,2
DA:4,2
DA:7,2
DA:8,0
DA:14,2
DA:15,0
DA:21,2
DA:22,0
DA:28,2
DA:29,0
DA:35,2
DA:36,0
DA:42,2
DA:43,0
DA:49,13
DA:50,0
DA:56,7
DA:57,0
DA:63,2
DA:64,0
DA:70,2
LF:21
LH:12
BRDA:7,0,0,0
BRDA:7,0,1,2
BRDA:14,1,0,0
BRDA:14,1,1,2
BRDA:21,2,0,0
BRDA:21,2,1,2
BRDA:28,3,0,0
BRDA:28,3,1,2
BRDA:35,4,0,0
BRDA:35,4,1,2
BRDA:42,5,0,0
BRDA:42,5,1,2
BRDA:42,6,0,2
BRDA:42,6,1,2
BRDA:49,7,0,0
BRDA:49,7,1,2
BRDA:56,8,0,0
BRDA:56,8,1,2
BRDA:63,9,0,0
BRDA:63,9,1,2
BRF:20
BRH:11
end_of_record
TN:
SF:C:\Users\Eric Ibu\desktop\automart.github.io-gh-pages\server\middlewares/validateCarId.js
FN:2,_default
FNF:1
FNH:1
FNDA:2,_default
DA:2,1
DA:3,2
DA:5,2
DA:7,2
DA:8,1
DA:14,1
LF:6
LH:6
BRDA:7,0,0,1
BRDA:7,0,1,1
BRF:2
BRH:2
end_of_record
TN:
SF:C:\Users\Eric Ibu\desktop\automart.github.io-gh-pages\server\middlewares/validateData.js
FN:1,validData
FN:1,(anonymous_1)
FNF:2
FNH:2
FNDA:1,validData
FNDA:1,(anonymous_1)
DA:1,2
DA:2,1
LF:2
LH:2
BRDA:1,0,0,1
BRDA:1,0,1,0
BRF:2
BRH:1
end_of_record
TN:
SF:C:\Users\Eric Ibu\desktop\automart.github.io-gh-pages\server\middlewares/validateEmail.js
FN:1,_default
FNF:1
FNH:1
FNDA:2,_default
DA:1,1
DA:2,2
DA:5,2
DA:7,2
DA:8,0
DA:14,2
LF:6
LH:5
BRDA:7,0,0,0
BRDA:7,0,1,2
BRF:2
BRH:1
end_of_record
TN:
SF:C:\Users\Eric Ibu\desktop\automart.github.io-gh-pages\server\middlewares/validateFlag.js
FN:1,_default
FNF:1
FNH:1
FNDA:1,_default
DA:1,1
DA:2,1
DA:4,1
DA:5,0
DA:11,1
DA:12,0
DA:18,1
LF:7
LH:5
BRDA:4,0,0,0
BRDA:4,0,1,1
BRDA:11,1,0,0
BRDA:11,1,1,1
BRF:4
BRH:2
end_of_record
TN:
SF:C:\Users\Eric Ibu\desktop\automart.github.io-gh-pages\server\middlewares/validateName.js
FN:1,_default
FN:20,(anonymous_1)
FNF:2
FNH:0
FNDA:0,_default
FNDA:0,(anonymous_1)
DA:1,1
DA:2,0
DA:5,0
DA:6,0
DA:12,0
DA:13,0
DA:20,0
DA:22,0
DA:23,0
DA:33,0
LF:10
LH:1
BRDA:5,0,0,0
BRDA:5,0,1,0
BRDA:5,1,0,0
BRDA:5,1,1,0
BRDA:12,2,0,0
BRDA:12,2,1,0
BRDA:12,3,0,0
BRDA:12,3,1,0
BRDA:22,4,0,0
BRDA:22,4,1,0
BRF:10
BRH:0
end_of_record
TN:
SF:C:\Users\Eric Ibu\desktop\automart.github.io-gh-pages\server\middlewares/validateNewPrice.js
FN:1,_default
FNF:1
FNH:0
FNDA:0,_default
DA:1,1
DA:2,0
DA:4,0
DA:6,0
DA:7,0
DA:13,0
LF:6
LH:1
BRDA:6,0,0,0
BRDA:6,0,1,0
BRF:2
BRH:0
end_of_record
TN:
SF:C:\Users\Eric Ibu\desktop\automart.github.io-gh-pages\server\middlewares/validateOrder.js
FN:1,_default
FNF:1
FNH:1
FNDA:2,_default
DA:1,1
DA:2,2
DA:4,2
DA:6,2
DA:7,2
DA:10,0
LF:6
LH:5
BRDA:6,0,0,2
BRDA:6,0,1,0
BRF:2
BRH:1
end_of_record
TN:
SF:C:\Users\Eric Ibu\desktop\automart.github.io-gh-pages\server\middlewares/validatePassword.js
FN:2,_default
FNF:1
FNH:1
FNDA:2,_default
DA:2,1
DA:3,2
DA:5,2
DA:6,0
DA:13,2
DA:14,0
DA:20,2
LF:7
LH:5
BRDA:5,0,0,0
BRDA:5,0,1,2
BRDA:13,1,0,0
BRDA:13,1,1,2
BRF:4
BRH:2
end_of_record
TN:
SF:C:\Users\Eric Ibu\desktop\automart.github.io-gh-pages\server\models/car.js
FN:4,Car
FN:8,newCarAd
FN:28,getAllCars
FN:32,findCarAd
FN:33,(anonymous_9)
FN:36,getAllUnsoldCars
FN:37,(anonymous_11)
FN:40,getCarByProp
FN:41,(anonymous_13)
FN:44,getUnsoldCarByProp
FN:45,(anonymous_15)
FN:48,updateStatus
FN:49,(anonymous_17)
FN:56,updateCarAdPrice
FN:57,(anonymous_19)
FN:65,getCarPriceRange
FN:66,(anonymous_21)
FN:69,deleteCar
FNF:18
FNH:14
FNDA:1,Car
FNDA:2,newCarAd
FNDA:4,getAllCars
FNDA:6,findCarAd
FNDA:18,(anonymous_9)
FNDA:3,getAllUnsoldCars
FNDA:10,(anonymous_11)
FNDA:0,getCarByProp
FNDA:0,(anonymous_13)
FNDA:10,getUnsoldCarByProp
FNDA:50,(anonymous_15)
FNDA:1,updateStatus
FNDA:2,(anonymous_17)
FNDA:0,updateCarAdPrice
FNDA:0,(anonymous_19)
FNDA:5,getCarPriceRange
FNDA:25,(anonymous_21)
FNDA:1,deleteCar
DA:1,1
DA:4,1
DA:5,1
DA:9,2
DA:10,2
DA:23,2
DA:24,2
DA:29,4
DA:33,18
DA:37,10
DA:41,0
DA:45,50
DA:49,2
DA:51,1
DA:52,1
DA:57,0
DA:59,0
DA:60,0
DA:62,0
DA:66,25
DA:70,1
DA:71,1
DA:75,1
LF:23
LH:18
BRDA:12,0,0,2
BRDA:12,0,1,1
BRDA:14,1,0,2
BRDA:14,1,1,0
BRDA:15,2,0,2
BRDA:15,2,1,0
BRDA:16,3,0,2
BRDA:16,3,1,0
BRDA:17,4,0,2
BRDA:17,4,1,0
BRDA:18,5,0,2
BRDA:18,5,1,0
BRDA:19,6,0,2
BRDA:19,6,1,0
BRDA:20,7,0,2
BRDA:20,7,1,0
BRDA:21,8,0,2
BRDA:21,8,1,1
BRDA:33,9,0,6
BRDA:33,9,1,3
BRDA:45,10,0,50
BRDA:45,10,1,40
BRDA:51,11,0,1
BRDA:51,11,1,1
BRDA:59,12,0,0
BRDA:59,12,1,0
BRDA:66,13,0,25
BRDA:66,13,1,20
BRDA:66,13,2,15
BRF:29
BRH:20
end_of_record
TN:
SF:C:\Users\Eric Ibu\desktop\automart.github.io-gh-pages\server\models/flag.js
FN:3,createdFlag
FN:18,getAllFlags
FN:22,findFlag
FN:23,(anonymous_4)
FN:26,updateFlagStatus
FN:27,(anonymous_6)
FN:32,deleteFlag
FNF:7
FNH:7
FNDA:4,createdFlag
FNDA:1,getAllFlags
FNDA:1,findFlag
FNDA:6,(anonymous_4)
FNDA:1,updateFlagStatus
FNDA:1,(anonymous_6)
FNDA:1,deleteFlag
DA:1,1
DA:3,1
DA:4,4
DA:14,4
DA:15,4
DA:18,1
DA:19,1
DA:22,1
DA:23,6
DA:26,1
DA:27,1
DA:28,1
DA:29,1
DA:32,1
DA:33,1
DA:34,1
DA:35,1
DA:36,1
DA:39,1
LF:19
LH:19
BRF:0
BRH:0
end_of_record
TN:
SF:C:\Users\Eric Ibu\desktop\automart.github.io-gh-pages\server\models/order.js
FN:3,createOrder
FN:20,getAllOrders
FN:24,getAnOrder
FN:25,(anonymous_4)
FN:28,updateOrderPrice
FN:34,updateOrder
FN:35,(anonymous_7)
FN:40,deleteOrder
FNF:8
FNH:7
FNDA:1,createOrder
FNDA:1,getAllOrders
FNDA:2,getAnOrder
FNDA:5,(anonymous_4)
FNDA:0,updateOrderPrice
FNDA:1,updateOrder
FNDA:1,(anonymous_7)
FNDA:1,deleteOrder
DA:1,1
DA:3,1
DA:4,1
DA:16,1
DA:17,1
DA:20,1
DA:21,1
DA:24,1
DA:25,5
DA:28,1
DA:29,0
DA:30,0
DA:31,0
DA:34,1
DA:35,1
DA:36,1
DA:37,1
DA:40,1
DA:41,1
DA:42,1
DA:46,1
LF:21
LH:18
BRDA:10,0,0,1
BRDA:10,0,1,0
BRDA:11,1,0,1
BRDA:11,1,1,0
BRDA:11,1,2,0
BRDA:12,2,0,1
BRDA:12,2,1,0
BRDA:13,3,0,1
BRDA:13,3,1,0
BRF:9
BRH:4
end_of_record
TN:
SF:C:\Users\Eric Ibu\desktop\automart.github.io-gh-pages\server\models/user.js
FN:3,createUser
FN:21,getAllUsers
FN:24,findByFirstName
FN:25,(anonymous_4)
FN:28,findByEmail
FN:29,(anonymous_6)
FN:32,findByEmailPass
FN:33,(anonymous_8)
FN:36,getUser
FN:37,(anonymous_10)
FN:40,deleteUser
FN:45,loginUser
FN:46,(anonymous_13)
FN:51,changePassword
FN:56,createAdmin
FNF:15
FNH:11
FNDA:1,createUser
FNDA:1,getAllUsers
FNDA:1,findByFirstName
FNDA:5,(anonymous_4)
FNDA:1,findByEmail
FNDA:1,(anonymous_6)
FNDA:0,findByEmailPass
FNDA:0,(anonymous_8)
FNDA:1,getUser
FNDA:1,(anonymous_10)
FNDA:1,deleteUser
FNDA:1,loginUser
FNDA:4,(anonymous_13)
FNDA:0,changePassword
FNDA:0,createAdmin
DA:1,1
DA:3,1
DA:5,1
DA:16,1
DA:17,1
DA:18,1
DA:21,2
DA:24,1
DA:25,5
DA:28,1
DA:29,1
DA:32,1
DA:33,0
DA:36,1
DA:37,1
DA:40,1
DA:41,1
DA:42,1
DA:45,1
DA:46,4
DA:47,1
DA:48,1
DA:51,1
DA:52,0
DA:53,0
DA:54,0
DA:56,1
DA:57,0
DA:58,0
DA:59,0
DA:62,1
LF:31
LH:24
BRDA:7,0,0,1
BRDA:7,0,1,0
BRDA:8,1,0,1
BRDA:8,1,1,0
BRDA:9,2,0,1
BRDA:9,2,1,0
BRDA:10,3,0,1
BRDA:10,3,1,0
BRDA:11,4,0,1
BRDA:11,4,1,0
BRDA:12,5,0,1
BRDA:12,5,1,0
BRDA:13,6,0,1
BRDA:13,6,1,0
BRDA:14,7,0,1
BRDA:14,7,1,1
BRDA:33,8,0,0
BRDA:33,8,1,0
BRDA:53,9,0,0
BRDA:53,9,1,0
BRF:20
BRH:9
end_of_record
TN:
SF:C:\Users\Eric Ibu\desktop\automart.github.io-gh-pages\server\routes/routes.js
FN:86,(anonymous_1)
FNF:1
FNH:0
FNDA:0,(anonymous_1)
DA:1,1
DA:2,1
DA:3,1
DA:4,1
DA:5,1
DA:6,1
DA:7,1
DA:10,1
DA:15,1
DA:17,1
DA:19,1
DA:21,1
DA:26,1
DA:28,1
DA:30,1
DA:32,1
DA:34,1
DA:36,1
DA:38,1
DA:45,1
DA:47,1
DA:49,1
DA:51,1
DA:53,1
DA:55,1
DA:57,1
DA:59,1
DA:61,1
DA:63,1
DA:71,1
DA:73,1
DA:75,1
DA:77,1
DA:82,1
DA:86,1
DA:87,0
DA:93,1
LF:37
LH:36
BRF:0
BRH:0
end_of_record
TN:
SF:C:\Users\Eric Ibu\desktop\automart.github.io-gh-pages\server\test/car-spec.js
FN:7,(anonymous_1)
FN:8,(anonymous_2)
FN:9,(anonymous_3)
FN:33,(anonymous_4)
FN:34,(anonymous_5)
FN:40,(anonymous_6)
FN:47,(anonymous_7)
FN:48,(anonymous_8)
FN:54,(anonymous_9)
FN:60,(anonymous_10)
FN:61,(anonymous_11)
FN:68,(anonymous_12)
FN:69,(anonymous_13)
FN:76,(anonymous_14)
FN:77,(anonymous_15)
FN:85,(anonymous_16)
FN:86,(anonymous_17)
FN:94,(anonymous_18)
FN:95,(anonymous_19)
FN:104,(anonymous_20)
FN:105,(anonymous_21)
FN:115,(anonymous_22)
FN:116,(anonymous_23)
FNF:23
FNH:23
FNDA:1,(anonymous_1)
FNDA:1,(anonymous_2)
FNDA:1,(anonymous_3)
FNDA:1,(anonymous_4)
FNDA:1,(anonymous_5)
FNDA:1,(anonymous_6)
FNDA:1,(anonymous_7)
FNDA:1,(anonymous_8)
FNDA:1,(anonymous_9)
FNDA:1,(anonymous_10)
FNDA:1,(anonymous_11)
FNDA:1,(anonymous_12)
FNDA:1,(anonymous_13)
FNDA:1,(anonymous_14)
FNDA:1,(anonymous_15)
FNDA:1,(anonymous_16)
FNDA:1,(anonymous_17)
FNDA:1,(anonymous_18)
FNDA:1,(anonymous_19)
FNDA:1,(anonymous_20)
FNDA:1,(anonymous_21)
FNDA:1,(anonymous_22)
FNDA:1,(anonymous_23)
DA:1,1
DA:2,1
DA:3,1
DA:5,1
DA:7,1
DA:8,1
DA:9,1
DA:10,1
DA:20,1
DA:21,1
DA:22,1
DA:23,1
DA:24,1
DA:25,1
DA:26,1
DA:27,1
DA:28,1
DA:29,1
DA:33,1
DA:34,1
DA:35,1
DA:36,1
DA:37,1
DA:38,1
DA:40,1
DA:41,1
DA:42,1
DA:43,1
DA:47,1
DA:48,1
DA:49,1
DA:50,1
DA:51,1
DA:52,1
DA:54,1
DA:55,1
DA:56,1
DA:60,1
DA:61,1
DA:62,1
DA:63,1
DA:64,1
DA:65,1
DA:68,1
DA:69,1
DA:70,1
DA:71,1
DA:72,1
DA:73,1
DA:76,1
DA:77,1
DA:78,1
DA:80,1
DA:81,1
DA:82,1
DA:85,1
DA:86,1
DA:87,1
DA:88,1
DA:89,1
DA:90,1
DA:94,1
DA:95,1
DA:96,1
DA:97,1
DA:98,1
DA:99,1
DA:100,1
DA:104,1
DA:105,1
DA:106,1
DA:107,1
DA:108,1
DA:109,1
DA:110,1
DA:115,1
DA:116,1
DA:117,1
DA:118,1
DA:119,1
DA:120,1
LF:81
LH:81
BRF:0
BRH:0
end_of_record
TN:
SF:C:\Users\Eric Ibu\desktop\automart.github.io-gh-pages\server\test/flag-spec.js
FN:5,(anonymous_1)
FN:6,(anonymous_2)
FN:7,(anonymous_3)
FN:32,(anonymous_4)
FN:33,(anonymous_5)
FN:45,(anonymous_6)
FN:58,(anonymous_7)
FN:59,(anonymous_8)
FN:71,(anonymous_9)
FN:72,(anonymous_10)
FN:85,(anonymous_11)
FN:86,(anonymous_12)
FN:97,(anonymous_13)
FN:98,(anonymous_14)
FNF:14
FNH:14
FNDA:1,(anonymous_1)
FNDA:1,(anonymous_2)
FNDA:1,(anonymous_3)
FNDA:1,(anonymous_4)
FNDA:1,(anonymous_5)
FNDA:1,(anonymous_6)
FNDA:1,(anonymous_7)
FNDA:1,(anonymous_8)
FNDA:1,(anonymous_9)
FNDA:1,(anonymous_10)
FNDA:1,(anonymous_11)
FNDA:1,(anonymous_12)
FNDA:1,(anonymous_13)
FNDA:1,(anonymous_14)
DA:1,1
DA:2,1
DA:3,1
DA:5,1
DA:6,1
DA:7,1
DA:8,1
DA:16,1
DA:17,1
DA:18,1
DA:19,1
DA:20,1
DA:21,1
DA:22,1
DA:23,1
DA:24,1
DA:25,1
DA:26,1
DA:27,1
DA:28,1
DA:32,1
DA:33,1
DA:34,1
DA:42,1
DA:43,1
DA:45,1
DA:46,1
DA:54,1
DA:55,1
DA:58,1
DA:59,1
DA:60,1
DA:68,1
DA:71,1
DA:72,1
DA:73,1
DA:81,1
DA:85,1
DA:86,1
DA:87,1
DA:88,1
DA:89,1
DA:91,1
DA:92,1
DA:93,1
DA:94,1
DA:97,1
DA:98,1
DA:99,1
DA:100,1
DA:101,1
DA:103,1
DA:104,1
DA:105,1
DA:106,1
LF:55
LH:55
BRF:0
BRH:0
end_of_record
TN:
SF:C:\Users\Eric Ibu\desktop\automart.github.io-gh-pages\server\test/order-spec.js
FN:8,(anonymous_1)
FN:9,(anonymous_2)
FN:10,(anonymous_3)
FN:34,(anonymous_4)
FN:35,(anonymous_5)
FN:42,(anonymous_6)
FN:43,(anonymous_7)
FN:50,(anonymous_8)
FN:51,(anonymous_9)
FN:59,(anonymous_10)
FN:60,(anonymous_11)
FNF:11
FNH:11
FNDA:1,(anonymous_1)
FNDA:1,(anonymous_2)
FNDA:1,(anonymous_3)
FNDA:1,(anonymous_4)
FNDA:1,(anonymous_5)
FNDA:1,(anonymous_6)
FNDA:1,(anonymous_7)
FNDA:1,(anonymous_8)
FNDA:1,(anonymous_9)
FNDA:1,(anonymous_10)
FNDA:1,(anonymous_11)
DA:1,1
DA:2,1
DA:3,1
DA:4,1
DA:5,1
DA:8,1
DA:9,1
DA:10,1
DA:11,1
DA:12,1
DA:13,1
DA:26,1
DA:27,1
DA:28,1
DA:29,1
DA:30,1
DA:34,1
DA:35,1
DA:36,1
DA:37,1
DA:38,1
DA:39,1
DA:42,1
DA:43,1
DA:44,1
DA:45,1
DA:46,1
DA:47,1
DA:50,1
DA:51,1
DA:52,1
DA:53,1
DA:54,1
DA:55,1
DA:56,1
DA:59,1
DA:60,1
DA:61,1
DA:62,1
DA:63,1
DA:65,1
DA:66,1
DA:67,1
DA:68,1
LF:44
LH:44
BRF:0
BRH:0
end_of_record
TN:
SF:C:\Users\Eric Ibu\desktop\automart.github.io-gh-pages\server\test/user-spec.js
FN:7,(anonymous_1)
FN:8,(anonymous_2)
FN:9,(anonymous_3)
FN:27,(anonymous_4)
FN:28,(anonymous_5)
FN:36,(anonymous_6)
FN:37,(anonymous_7)
FN:44,(anonymous_8)
FN:45,(anonymous_9)
FN:52,(anonymous_10)
FN:53,(anonymous_11)
FN:63,(anonymous_12)
FN:64,(anonymous_13)
FN:74,(anonymous_14)
FN:75,(anonymous_15)
FN:84,(anonymous_16)
FN:85,(anonymous_17)
FNF:17
FNH:17
FNDA:1,(anonymous_1)
FNDA:1,(anonymous_2)
FNDA:1,(anonymous_3)
FNDA:1,(anonymous_4)
FNDA:1,(anonymous_5)
FNDA:1,(anonymous_6)
FNDA:1,(anonymous_7)
FNDA:1,(anonymous_8)
FNDA:1,(anonymous_9)
FNDA:1,(anonymous_10)
FNDA:1,(anonymous_11)
FNDA:1,(anonymous_12)
FNDA:1,(anonymous_13)
FNDA:1,(anonymous_14)
FNDA:1,(anonymous_15)
FNDA:1,(anonymous_16)
FNDA:1,(anonymous_17)
DA:1,1
DA:2,1
DA:3,1
DA:5,1
DA:7,1
DA:8,1
DA:9,1
DA:10,1
DA:19,1
DA:20,1
DA:21,1
DA:22,1
DA:23,1
DA:27,1
DA:28,1
DA:29,1
DA:30,1
DA:31,1
DA:32,1
DA:36,1
DA:37,1
DA:38,1
DA:39,1
DA:40,1
DA:44,1
DA:45,1
DA:46,1
DA:47,1
DA:48,1
DA:52,1
DA:53,1
DA:54,1
DA:56,1
DA:57,1
DA:58,1
DA:59,1
DA:63,1
DA:64,1
DA:65,1
DA:66,1
DA:68,1
DA:69,1
DA:70,1
DA:74,1
DA:75,1
DA:76,1
DA:77,1
DA:79,1
DA:80,1
DA:84,1
DA:85,1
DA:86,1
DA:87,1
DA:89,1
DA:90,1
DA:91,1
LF:56
LH:56
BRF:0
BRH:0
end_of_record
TN:
SF:C:\Users\Eric Ibu\desktop\automart.github.io-gh-pages\server\test\mock_db/cars.js
FNF:0
FNH:0
DA:1,1
DA:58,1
LF:2
LH:2
BRF:0
BRH:0
end_of_record
TN:
SF:C:\Users\Eric Ibu\desktop\automart.github.io-gh-pages\server\test\mock_db/flags.js
FNF:0
FNH:0
DA:1,1
DA:40,1
LF:2
LH:2
BRF:0
BRH:0
end_of_record
TN:
SF:C:\Users\Eric Ibu\desktop\automart.github.io-gh-pages\server\test\mock_db/orders.js
FNF:0
FNH:0
DA:1,1
DA:67,1
LF:2
LH:2
BRF:0
BRH:0
end_of_record
TN:
SF:C:\Users\Eric Ibu\desktop\automart.github.io-gh-pages\server\test\mock_db/users.js
FNF:0
FNH:0
DA:1,1
DA:47,1
LF:2
LH:2
BRF:0
BRH:0
end_of_record
